<?xml version="1.0" encoding="UTF-8"?>
<!-- Generated by org.testng.reporters.JUnitXMLReporter -->
<testsuite hostname="wipro-PC" name="Test" tests="4" failures="0" timestamp="14 Dec 2016 12:56:58 GMT" time="43.348" errors="0">
  <testcase name="TestDryrun1" time="0.011" classname="com.ssf.SuiteOne.Testcase_001"/>
  <testcase name="TestDryrun2" time="0.003" classname="com.ssf.SuiteOne.Testcase_001"/>
  <testcase name="TestLaunchBrowser" time="40.549" classname="com.ssf.SuiteOne.SuitBaseClass"/>
  <testcase name="set_Values" time="2.741" classname="com.ssf.SuiteOne.SuitBaseClass"/>
</testsuite> <!-- Test -->
